============================= test session starts =============================
platform win32 -- Python 3.13.5, pytest-9.0.1, pluggy-1.6.0 -- C:\Users\Girish P\AppData\Local\Programs\Python\Python313\python.exe
cachedir: .pytest_cache
rootdir: E:\rezsrch\ResearchHub-AI\backend
configfile: pytest.ini
plugins: anyio-4.11.0, asyncio-1.3.0, cov-7.0.0, mock-3.15.1
asyncio: mode=Mode.STRICT, debug=False, asyncio_default_fixture_loop_scope=None, asyncio_default_test_loop_scope=function
collecting ... collected 12 items

tests/test_citation_and_paper_check.py::test_post_citation_returns_structured_payload PASSED [  8%]
tests/test_citation_and_paper_check.py::test_get_paper_citation_uses_saved_paper PASSED [ 16%]
tests/test_citation_and_paper_check.py::test_paper_check_raw_text_falls_back_without_ai_service FAILED [ 25%]
tests/test_citation_and_paper_check.py::test_paper_check_failure_marks_job_failed FAILED [ 33%]
tests/test_citation_and_paper_check.py::test_duplicate_job_detection_returns_existing_job FAILED [ 41%]
tests/test_citation_and_paper_check.py::test_completed_result_is_reused_for_matching_fingerprint PASSED [ 50%]
tests/test_citation_and_paper_check.py::test_metrics_tracking_reports_created_completed_and_latency PASSED [ 58%]
tests/test_citation_and_paper_check.py::test_paper_check_legacy_status_endpoint_supports_polling PASSED [ 66%]
tests/test_citation_and_paper_check.py::test_admin_can_requeue_failed_job FAILED [ 75%]
tests/test_citation_and_paper_check.py::test_partition_fairness PASSED   [ 83%]
tests/test_citation_and_paper_check.py::test_burst_handling PASSED       [ 91%]
tests/test_citation_and_paper_check.py::test_priority_scheduling FAILED  [100%]

================================== FAILURES ===================================
___________ test_paper_check_raw_text_falls_back_without_ai_service ___________
tests\test_citation_and_paper_check.py:143: in test_paper_check_raw_text_falls_back_without_ai_service
    assert published == [data["job_id"]]
E   AssertionError: assert [] == ['df04615c2dc...aa22cf2933da']
E     
E     Right contains one more item: 'df04615c2dc9499f8996aa22cf2933da'
E     
E     Full diff:
E     + []
E     - [
E     -     'df04615c2dc9499f8996aa22cf2933da',
E     - ]
------------------------------ Captured log call ------------------------------
ERROR    services.paper_check_service:paper_check_service.py:142 {"event": "paper_check_job_dispatch_failed", "job_id": "df04615c2dc9499f8996aa22cf2933da", "reason": "created", "priority": "normal", "job_type": "fast", "queue_partition": 0, "error": "test_paper_check_raw_text_falls_back_without_ai_service.<locals>._publish() got an unexpected keyword argument 'priority'"}
INFO     main:main.py:693 {"event": "http_request", "request_id": "647bbc08ee5a458a8b7bf82d014eea63", "user_id": "anonymous", "method": "POST", "path": "/research/paper-check", "status_code": 200, "duration_ms": 27, "logging.googleapis.com/trace": null}
__________________ test_paper_check_failure_marks_job_failed __________________
tests\test_citation_and_paper_check.py:198: in test_paper_check_failure_marks_job_failed
    assert published and published[0] == (data["job_id"], "created")
E   assert ([])
------------------------------ Captured log call ------------------------------
ERROR    services.paper_check_service:paper_check_service.py:142 {"event": "paper_check_job_dispatch_failed", "job_id": "261a07a4633242cf9e3de2c7af9e6ca2", "reason": "created", "priority": "normal", "job_type": "fast", "queue_partition": 0, "error": "test_paper_check_failure_marks_job_failed.<locals>._publish() got an unexpected keyword argument 'priority'"}
INFO     main:main.py:693 {"event": "http_request", "request_id": "5246786a74184a42b3d6e6b5491cba38", "user_id": "anonymous", "method": "POST", "path": "/research/paper-check", "status_code": 200, "duration_ms": 19, "logging.googleapis.com/trace": null}
ERROR    workers.paper_check_worker:paper_check_worker.py:386 paper_check_job_failed job_id=261a07a4633242cf9e3de2c7af9e6ca2 worker_id=test-worker
Traceback (most recent call last):
  File "E:\rezsrch\ResearchHub-AI\backend\workers\paper_check_worker.py", line 331, in process_claimed_job
    updated = await asyncio.wait_for(
              ^^^^^^^^^^^^^^^^^^^^^^^
    ...<7 lines>...
    )
    ^
  File "C:\Users\Girish P\AppData\Local\Programs\Python\Python313\Lib\asyncio\tasks.py", line 507, in wait_for
    return await fut
           ^^^^^^^^^
  File "E:\rezsrch\ResearchHub-AI\backend\services\paper_check_service.py", line 931, in process_job
    result = await run_paper_check(
             ^^^^^^^^^^^^^^^^^^^^^^
    ...<5 lines>...
    )
    ^
  File "E:\rezsrch\ResearchHub-AI\backend\tests\test_citation_and_paper_check.py", line 165, in _explode
    raise RuntimeError("boom")
RuntimeError: boom
WARNING  workers.paper_check_worker:paper_check_worker.py:102 {"event": "paper_check_job_retry_or_fail", "job_id": "261a07a4633242cf9e3de2c7af9e6ca2", "worker_id": "test-worker", "status": "failed", "retry_count": 1, "error": "boom"}
INFO     main:main.py:693 {"event": "http_request", "request_id": "f30e68f706c341ec83dc0fd3b6aa8a12", "user_id": "anonymous", "method": "GET", "path": "/research/paper-check/261a07a4633242cf9e3de2c7af9e6ca2", "status_code": 200, "duration_ms": 8, "logging.googleapis.com/trace": null}
______________ test_duplicate_job_detection_returns_existing_job ______________
tests\test_citation_and_paper_check.py:228: in test_duplicate_job_detection_returns_existing_job
    assert published == [
E   AssertionError: assert [] == [('77fbbf8adf...ted_pending')]
E     
E     Right contains 2 more items, first extra item: ('77fbbf8adf4b4c10a874930eea9b9789', 'created')
E     
E     Full diff:
E     + []
E     - [
E     -     (...
E     
E     ...Full output truncated (8 lines hidden), use '-vv' to show
------------------------------ Captured log call ------------------------------
ERROR    services.paper_check_service:paper_check_service.py:142 {"event": "paper_check_job_dispatch_failed", "job_id": "77fbbf8adf4b4c10a874930eea9b9789", "reason": "created", "priority": "normal", "job_type": "fast", "queue_partition": 5, "error": "test_duplicate_job_detection_returns_existing_job.<locals>._publish() got an unexpected keyword argument 'priority'"}
INFO     main:main.py:693 {"event": "http_request", "request_id": "b62da1117117453882451240605d154d", "user_id": "anonymous", "method": "POST", "path": "/research/paper-check", "status_code": 200, "duration_ms": 19, "logging.googleapis.com/trace": null}
ERROR    services.paper_check_service:paper_check_service.py:142 {"event": "paper_check_job_dispatch_failed", "job_id": "77fbbf8adf4b4c10a874930eea9b9789", "reason": "deduplicated_pending", "priority": "normal", "job_type": "fast", "queue_partition": 5, "error": "test_duplicate_job_detection_returns_existing_job.<locals>._publish() got an unexpected keyword argument 'priority'"}
INFO     main:main.py:693 {"event": "http_request", "request_id": "b4d322df8b864f40b868d4ec345bb682", "user_id": "anonymous", "method": "POST", "path": "/research/paper-check", "status_code": 200, "duration_ms": 15, "logging.googleapis.com/trace": null}
______________________ test_admin_can_requeue_failed_job ______________________
tests\test_citation_and_paper_check.py:374: in test_admin_can_requeue_failed_job
    assert published[-1] == (job_id, "admin_requeue")
           ^^^^^^^^^^^^^
E   IndexError: list index out of range
------------------------------ Captured log call ------------------------------
ERROR    services.paper_check_service:paper_check_service.py:142 {"event": "paper_check_job_dispatch_failed", "job_id": "fd2bcb62122f42a28e1cdb2462e3291c", "reason": "created", "priority": "normal", "job_type": "fast", "queue_partition": 5, "error": "test_admin_can_requeue_failed_job.<locals>._publish() got an unexpected keyword argument 'priority'"}
INFO     main:main.py:693 {"event": "http_request", "request_id": "b4fd2f7354f24999b3959cbe3b0604b1", "user_id": "anonymous", "method": "POST", "path": "/research/paper-check", "status_code": 200, "duration_ms": 20, "logging.googleapis.com/trace": null}
ERROR    workers.paper_check_worker:paper_check_worker.py:386 paper_check_job_failed job_id=fd2bcb62122f42a28e1cdb2462e3291c worker_id=requeue-worker
Traceback (most recent call last):
  File "E:\rezsrch\ResearchHub-AI\backend\workers\paper_check_worker.py", line 331, in process_claimed_job
    updated = await asyncio.wait_for(
              ^^^^^^^^^^^^^^^^^^^^^^^
    ...<7 lines>...
    )
    ^
  File "C:\Users\Girish P\AppData\Local\Programs\Python\Python313\Lib\asyncio\tasks.py", line 507, in wait_for
    return await fut
           ^^^^^^^^^
  File "E:\rezsrch\ResearchHub-AI\backend\services\paper_check_service.py", line 931, in process_job
    result = await run_paper_check(
             ^^^^^^^^^^^^^^^^^^^^^^
    ...<5 lines>...
    )
    ^
  File "E:\rezsrch\ResearchHub-AI\backend\tests\test_citation_and_paper_check.py", line 347, in _explode
    raise RuntimeError("boom")
RuntimeError: boom
WARNING  workers.paper_check_worker:paper_check_worker.py:102 {"event": "paper_check_job_retry_or_fail", "job_id": "fd2bcb62122f42a28e1cdb2462e3291c", "worker_id": "requeue-worker", "status": "failed", "retry_count": 1, "error": "boom"}
ERROR    workers.paper_check_worker:paper_check_worker.py:102 {"event": "paper_check_failure_rate_alert", "reason": "exception_failure", "failure_rate": 0.4, "jobs_claimed": 5, "jobs_failed": 2, "dlq_count": 0}
INFO     main:main.py:693 {"event": "http_request", "request_id": "5c89e94581744133bf178e69d3ae89e4", "user_id": "anonymous", "method": "GET", "path": "/research/paper-check/fd2bcb62122f42a28e1cdb2462e3291c", "status_code": 200, "duration_ms": 6, "logging.googleapis.com/trace": null}
ERROR    services.paper_check_service:paper_check_service.py:142 {"event": "paper_check_job_dispatch_failed", "job_id": "fd2bcb62122f42a28e1cdb2462e3291c", "reason": "admin_requeue", "priority": "normal", "job_type": "fast", "queue_partition": null, "error": "test_admin_can_requeue_failed_job.<locals>._publish() got an unexpected keyword argument 'priority'"}
INFO     main:main.py:693 {"event": "http_request", "request_id": "be53a9f5174d4657baa2470e072fea99", "user_id": "anonymous", "method": "POST", "path": "/research/paper-check/fd2bcb62122f42a28e1cdb2462e3291c/requeue", "status_code": 200, "duration_ms": 30, "logging.googleapis.com/trace": null}
__________________________ test_priority_scheduling ___________________________
tests\test_citation_and_paper_check.py:446: in test_priority_scheduling
    assert len(published_jobs) == 2
E   assert 0 == 2
E    +  where 0 = len([])
------------------------------ Captured log call ------------------------------
INFO     main:main.py:693 {"event": "http_request", "request_id": "4fcaa33f570c4194932d271bb73b3627", "user_id": "anonymous", "method": "POST", "path": "/research/paper-check", "status_code": 200, "duration_ms": 16, "logging.googleapis.com/trace": null}
INFO     main:main.py:693 {"event": "http_request", "request_id": "46244bb939024dd5a81215b1c711ffc9", "user_id": "anonymous", "method": "POST", "path": "/research/paper-check", "status_code": 200, "duration_ms": 13, "logging.googleapis.com/trace": null}
INFO     main:main.py:693 {"event": "http_request", "request_id": "38ea9489819841caa665b74d58d50972", "user_id": "anonymous", "method": "POST", "path": "/research/paper-check", "status_code": 200, "duration_ms": 11, "logging.googleapis.com/trace": null}
============================== warnings summary ===============================
tests/test_citation_and_paper_check.py: 12 warnings
  C:\Users\Girish P\AppData\Local\Programs\Python\Python313\Lib\site-packages\google\cloud\firestore_v1\base_collection.py:317: UserWarning: Detected filter using positional arguments. Prefer using the 'filter' keyword argument instead.
    return query.where(field_path, op_string, value)

tests/test_citation_and_paper_check.py: 10 warnings
  E:\rezsrch\ResearchHub-AI\backend\repositories\research.py:2042: UserWarning: Detected filter using positional arguments. Prefer using the 'filter' keyword argument instead.
    for snapshot in self.paper_check_jobs.where("user_id", "==", int(user_id)).where(

tests/test_citation_and_paper_check.py::test_metrics_tracking_reports_created_completed_and_latency
  E:\rezsrch\ResearchHub-AI\backend\repositories\research.py:1610: UserWarning: Detected filter using positional arguments. Prefer using the 'filter' keyword argument instead.
    for snapshot in self.paper_check_jobs.where("status", "==", "running").where(

tests/test_citation_and_paper_check.py::test_priority_scheduling
  E:\rezsrch\ResearchHub-AI\backend\repositories\research.py:2134: UserWarning: Detected filter using positional arguments. Prefer using the 'filter' keyword argument instead.
    query = query.where("updated_at", "<=", cutoff)

-- Docs: https://docs.pytest.org/en/stable/how-to/capture-warnings.html
=========================== short test summary info ===========================
FAILED tests/test_citation_and_paper_check.py::test_paper_check_raw_text_falls_back_without_ai_service
FAILED tests/test_citation_and_paper_check.py::test_paper_check_failure_marks_job_failed
FAILED tests/test_citation_and_paper_check.py::test_duplicate_job_detection_returns_existing_job
FAILED tests/test_citation_and_paper_check.py::test_admin_can_requeue_failed_job
FAILED tests/test_citation_and_paper_check.py::test_priority_scheduling - ass...
================== 5 failed, 7 passed, 24 warnings in 22.68s ==================
